2026-06-05 11:35:55.041 | INFO     | __main__:<module>:46 - Config loaded — schedule: 0 6 * * * | output: data\processed
2026-06-05 11:35:55.060 | INFO     | __main__:read:98 - Generated 1,000 synthetic rows (seed=42)
2026-06-05 11:35:55.837 | INFO     | __main__:validate_batch:162 - Validation: 879 valid | 121 errors | 87.9% pass rate
2026-06-05 11:35:55.837 | WARNING  | __main__:validate_batch:168 - Pass rate 87.9% is below threshold 95% — investigate upstream data
2026-06-05 11:36:57.593 | INFO     | __main__:<module>:46 - Config loaded — schedule: 0 6 * * * | output: data\processed
2026-06-05 11:36:57.595 | INFO     | __main__:read:98 - Generated 1,000 synthetic rows (seed=42)
2026-06-05 11:36:57.843 | INFO     | __main__:validate_batch:162 - Validation: 879 valid | 121 errors | 87.9% pass rate
2026-06-05 11:36:57.844 | WARNING  | __main__:validate_batch:168 - Pass rate 87.9% is below threshold 95% — investigate upstream data
2026-06-05 11:36:58.054 | INFO     | __main__:build_ge_suite:233 - GE suite: 7/7 expectations passed
2026-06-05 11:39:00.414 | INFO     | __main__:<module>:46 - Config loaded — schedule: 0 6 * * * | output: data\processed
2026-06-05 11:39:00.417 | INFO     | __main__:read:98 - Generated 1,000 synthetic rows (seed=42)
2026-06-05 11:39:00.647 | INFO     | __main__:validate_batch:162 - Validation: 879 valid | 121 errors | 87.9% pass rate
2026-06-05 11:39:00.648 | WARNING  | __main__:validate_batch:168 - Pass rate 87.9% is below threshold 95% — investigate upstream data
2026-06-05 11:39:00.798 | INFO     | __main__:build_ge_suite:233 - GE suite: 7/7 expectations passed
2026-06-05 11:39:30.025 | INFO     | __main__:<module>:80 - Config loaded — schedule: 0 6 * * * | output: data\processed
2026-06-05 11:39:30.027 | INFO     | __main__:read:138 - Generated 1,000 synthetic rows (seed=42)
2026-06-05 11:39:30.325 | INFO     | __main__:validate_batch:208 - Validation: 879 valid | 121 errors | 87.9% pass rate
2026-06-05 11:39:30.325 | WARNING  | __main__:validate_batch:214 - Pass rate 87.9% is below threshold 95% — investigate upstream data
2026-06-05 11:39:30.458 | INFO     | __main__:build_ge_suite:279 - GE suite: 7/7 expectations passed
2026-06-05 11:39:30.476 | INFO     | __main__:<module>:372 - Transform complete. Columns: ['id', 'amount', 'category', 'ts', 'tier', 'date', 'hour', 'day_of_week', 'amount_z']
2026-06-05 11:39:30.491 | INFO     | __main__:run_quality_gate:454 -   PASS null_rate            value=0.0000  threshold=0.05
2026-06-05 11:39:30.491 | INFO     | __main__:run_quality_gate:454 -   PASS row_count            value=879.0000  threshold=100.0
2026-06-05 11:39:30.491 | INFO     | __main__:run_quality_gate:454 -   PASS amount_mean          value=99.3976  threshold=100.0
2026-06-05 11:39:30.491 | INFO     | __main__:run_quality_gate:454 -   PASS dup_id_rate          value=0.0000  threshold=0.01
2026-06-05 11:39:30.492 | INFO     | __main__:run_quality_gate:454 -   PASS amount_z_range       value=3.2584  threshold=5.0
2026-06-05 11:39:30.492 | INFO     | __main__:run_quality_gate:468 - Quality gate PASSED — all checks green
2026-06-05 11:40:53.954 | INFO     | __main__:<module>:80 - Config loaded — schedule: 0 6 * * * | output: data\processed
2026-06-05 11:40:53.956 | INFO     | __main__:read:138 - Generated 1,000 synthetic rows (seed=42)
2026-06-05 11:40:54.197 | INFO     | __main__:validate_batch:208 - Validation: 879 valid | 121 errors | 87.9% pass rate
2026-06-05 11:40:54.198 | WARNING  | __main__:validate_batch:214 - Pass rate 87.9% is below threshold 95% — investigate upstream data
2026-06-05 11:40:54.359 | INFO     | __main__:build_ge_suite:279 - GE suite: 7/7 expectations passed
2026-06-05 11:40:54.369 | INFO     | __main__:<module>:372 - Transform complete. Columns: ['id', 'amount', 'category', 'ts', 'tier', 'date', 'hour', 'day_of_week', 'amount_z']
2026-06-05 11:40:54.374 | INFO     | __main__:run_quality_gate:454 -   PASS null_rate            value=0.0000  threshold=0.05
2026-06-05 11:40:54.374 | INFO     | __main__:run_quality_gate:454 -   PASS row_count            value=879.0000  threshold=100.0
2026-06-05 11:40:54.375 | INFO     | __main__:run_quality_gate:454 -   PASS amount_mean          value=99.3976  threshold=100.0
2026-06-05 11:40:54.375 | INFO     | __main__:run_quality_gate:454 -   PASS dup_id_rate          value=0.0000  threshold=0.01
2026-06-05 11:40:54.375 | INFO     | __main__:run_quality_gate:454 -   PASS amount_z_range       value=3.2584  threshold=5.0
2026-06-05 11:40:54.375 | INFO     | __main__:run_quality_gate:468 - Quality gate PASSED — all checks green
2026-06-05 11:40:54.376 | WARNING  | __main__:store_parquet:498 - Parquet engine unavailable; writing CSV fallback. Unable to find a usable engine; tried using: 'pyarrow', 'fastparquet'.
A suitable version of pyarrow or fastparquet is required for parquet support.
Trying to import the above resulted in these errors:
 - `Import pyarrow` failed. pyarrow is required for parquet support. Use pip or conda to install the pyarrow package.
 - `Import fastparquet` failed. fastparquet is required for parquet support. Use pip or conda to install the fastparquet package.
2026-06-05 11:40:54.470 | INFO     | __main__:store_parquet:503 - Stored 879 rows → data\processed\date=2026-06-05\data.csv (58.8 KB)
2026-06-05 11:40:54.511 | INFO     | __main__:<module>:513 - Round-trip verified: 879 rows read back successfully
2026-06-05 11:40:54.511 | INFO     | __main__:run_pipeline:555 - ==================================================
2026-06-05 11:40:54.512 | INFO     | __main__:run_pipeline:556 - Pipeline run STARTED
2026-06-05 11:40:54.512 | INFO     | __main__:run_pipeline:557 - ==================================================
2026-06-05 11:40:54.515 | INFO     | __main__:read:138 - Generated 10,000 synthetic rows (seed=42)
2026-06-05 11:40:54.601 | INFO     | __main__:validate_batch:208 - Validation: 8,901 valid | 1,111 errors | 89.0% pass rate
2026-06-05 11:40:54.601 | WARNING  | __main__:validate_batch:214 - Pass rate 89.0% is below threshold 95% — investigate upstream data
2026-06-05 11:40:54.740 | INFO     | __main__:build_ge_suite:279 - GE suite: 7/7 expectations passed
2026-06-05 11:40:54.767 | INFO     | __main__:run_quality_gate:454 -   PASS null_rate            value=0.0000  threshold=0.05
2026-06-05 11:40:54.767 | INFO     | __main__:run_quality_gate:454 -   PASS row_count            value=8901.0000  threshold=100.0
2026-06-05 11:40:54.767 | INFO     | __main__:run_quality_gate:454 -   PASS amount_mean          value=99.7625  threshold=100.0
2026-06-05 11:40:54.768 | INFO     | __main__:run_quality_gate:454 -   PASS dup_id_rate          value=0.0000  threshold=0.01
2026-06-05 11:40:54.768 | INFO     | __main__:run_quality_gate:454 -   PASS amount_z_range       value=4.0224  threshold=5.0
2026-06-05 11:40:54.768 | INFO     | __main__:run_quality_gate:468 - Quality gate PASSED — all checks green
2026-06-05 11:40:54.769 | WARNING  | __main__:store_parquet:498 - Parquet engine unavailable; writing CSV fallback. Unable to find a usable engine; tried using: 'pyarrow', 'fastparquet'.
A suitable version of pyarrow or fastparquet is required for parquet support.
Trying to import the above resulted in these errors:
 - `Import pyarrow` failed. pyarrow is required for parquet support. Use pip or conda to install the pyarrow package.
 - `Import fastparquet` failed. fastparquet is required for parquet support. Use pip or conda to install the fastparquet package.
2026-06-05 11:40:54.828 | INFO     | __main__:store_parquet:503 - Stored 8,901 rows → data\processed\date=2026-06-05\data.csv (603.5 KB)
2026-06-05 11:40:54.830 | INFO     | __main__:run_pipeline:594 - ==================================================
2026-06-05 11:40:54.830 | INFO     | __main__:run_pipeline:595 - Pipeline run SUCCEEDED
2026-06-05 11:40:54.831 | INFO     | __main__:run_pipeline:596 - Stats: {'status': 'success', 'raw_rows': 10000, 'valid_rows': 8901, 'validation_errors': 1111, 'output_path': 'data\\processed\\date=2026-06-05\\data.csv'}
2026-06-05 11:40:54.831 | INFO     | __main__:run_pipeline:597 - ==================================================
2026-06-05 11:40:54.967 | INFO     | __main__:<module>:641 - Scheduler started | 1 job(s) registered
2026-06-05 11:40:54.968 | INFO     | __main__:<module>:643 -   Job 'daily_pipeline' | next run: 2026-06-06 06:00:00+05:30
2026-06-05 11:40:54.968 | INFO     | __main__:<module>:653 - Scheduler stopped cleanly
2026-06-05 11:40:54.968 | INFO     | __main__:<module>:658 - Main pipeline completed; optional notebook extension sections are skipped in script mode.
2026-06-05 11:41:45.085 | INFO     | __main__:<module>:80 - Config loaded — schedule: 0 6 * * * | output: data\processed
2026-06-05 11:41:45.088 | INFO     | __main__:read:138 - Generated 1,000 synthetic rows (seed=42)
2026-06-05 11:41:45.137 | INFO     | __main__:<module>:80 - Config loaded — schedule: 0 6 * * * | output: data\processed
2026-06-05 11:41:45.139 | INFO     | __main__:read:138 - Generated 1,000 synthetic rows (seed=42)
2026-06-05 11:41:45.340 | INFO     | __main__:validate_batch:208 - Validation: 879 valid | 121 errors | 87.9% pass rate
2026-06-05 11:41:45.341 | WARNING  | __main__:validate_batch:214 - Pass rate 87.9% is below threshold 95% — investigate upstream data
2026-06-05 11:41:45.373 | INFO     | __main__:validate_batch:208 - Validation: 879 valid | 121 errors | 87.9% pass rate
2026-06-05 11:41:45.373 | WARNING  | __main__:validate_batch:214 - Pass rate 87.9% is below threshold 95% — investigate upstream data
2026-06-05 11:41:45.477 | INFO     | __main__:build_ge_suite:279 - GE suite: 7/7 expectations passed
2026-06-05 11:41:45.483 | INFO     | __main__:<module>:372 - Transform complete. Columns: ['id', 'amount', 'category', 'ts', 'tier', 'date', 'hour', 'day_of_week', 'amount_z']
2026-06-05 11:41:45.488 | INFO     | __main__:run_quality_gate:454 -   PASS null_rate            value=0.0000  threshold=0.05
2026-06-05 11:41:45.488 | INFO     | __main__:run_quality_gate:454 -   PASS row_count            value=879.0000  threshold=100.0
2026-06-05 11:41:45.488 | INFO     | __main__:run_quality_gate:454 -   PASS amount_mean          value=99.3976  threshold=100.0
2026-06-05 11:41:45.488 | INFO     | __main__:run_quality_gate:454 -   PASS dup_id_rate          value=0.0000  threshold=0.01
2026-06-05 11:41:45.489 | INFO     | __main__:run_quality_gate:454 -   PASS amount_z_range       value=3.2584  threshold=5.0
2026-06-05 11:41:45.489 | INFO     | __main__:run_quality_gate:468 - Quality gate PASSED — all checks green
2026-06-05 11:41:45.490 | WARNING  | __main__:store_parquet:498 - Parquet engine unavailable; writing CSV fallback. Unable to find a usable engine; tried using: 'pyarrow', 'fastparquet'.
A suitable version of pyarrow or fastparquet is required for parquet support.
Trying to import the above resulted in these errors:
 - `Import pyarrow` failed. pyarrow is required for parquet support. Use pip or conda to install the pyarrow package.
 - `Import fastparquet` failed. fastparquet is required for parquet support. Use pip or conda to install the fastparquet package.
2026-06-05 11:41:45.503 | INFO     | __main__:store_parquet:503 - Stored 879 rows -> data\processed\date=2026-06-05\data.csv (58.8 KB)
2026-06-05 11:41:45.508 | INFO     | __main__:build_ge_suite:279 - GE suite: 7/7 expectations passed
2026-06-05 11:41:45.516 | INFO     | __main__:<module>:372 - Transform complete. Columns: ['id', 'amount', 'category', 'ts', 'tier', 'date', 'hour', 'day_of_week', 'amount_z']
2026-06-05 11:41:45.520 | INFO     | __main__:run_quality_gate:454 -   PASS null_rate            value=0.0000  threshold=0.05
2026-06-05 11:41:45.520 | INFO     | __main__:run_quality_gate:454 -   PASS row_count            value=879.0000  threshold=100.0
2026-06-05 11:41:45.521 | INFO     | __main__:run_quality_gate:454 -   PASS amount_mean          value=99.3976  threshold=100.0
2026-06-05 11:41:45.521 | INFO     | __main__:run_quality_gate:454 -   PASS dup_id_rate          value=0.0000  threshold=0.01
2026-06-05 11:41:45.522 | INFO     | __main__:run_quality_gate:454 -   PASS amount_z_range       value=3.2584  threshold=5.0
2026-06-05 11:41:45.522 | INFO     | __main__:run_quality_gate:468 - Quality gate PASSED — all checks green
2026-06-05 11:41:45.523 | WARNING  | __main__:store_parquet:498 - Parquet engine unavailable; writing CSV fallback. Unable to find a usable engine; tried using: 'pyarrow', 'fastparquet'.
A suitable version of pyarrow or fastparquet is required for parquet support.
Trying to import the above resulted in these errors:
 - `Import pyarrow` failed. pyarrow is required for parquet support. Use pip or conda to install the pyarrow package.
 - `Import fastparquet` failed. fastparquet is required for parquet support. Use pip or conda to install the fastparquet package.
2026-06-05 11:41:45.531 | INFO     | __main__:<module>:513 - Round-trip verified: 879 rows read back successfully
2026-06-05 11:41:45.531 | INFO     | __main__:run_pipeline:555 - ==================================================
2026-06-05 11:41:45.531 | INFO     | __main__:run_pipeline:556 - Pipeline run STARTED
2026-06-05 11:41:45.532 | INFO     | __main__:run_pipeline:557 - ==================================================
2026-06-05 11:41:45.534 | INFO     | __main__:read:138 - Generated 10,000 synthetic rows (seed=42)
2026-06-05 11:41:45.536 | INFO     | __main__:store_parquet:503 - Stored 879 rows -> data\processed\date=2026-06-05\data.csv (58.8 KB)
2026-06-05 11:41:45.557 | INFO     | __main__:<module>:513 - Round-trip verified: 879 rows read back successfully
2026-06-05 11:41:45.557 | INFO     | __main__:run_pipeline:555 - ==================================================
2026-06-05 11:41:45.557 | INFO     | __main__:run_pipeline:556 - Pipeline run STARTED
2026-06-05 11:41:45.557 | INFO     | __main__:run_pipeline:557 - ==================================================
2026-06-05 11:41:45.560 | INFO     | __main__:read:138 - Generated 10,000 synthetic rows (seed=42)
2026-06-05 11:41:45.670 | INFO     | __main__:validate_batch:208 - Validation: 8,901 valid | 1,111 errors | 89.0% pass rate
2026-06-05 11:41:45.670 | WARNING  | __main__:validate_batch:214 - Pass rate 89.0% is below threshold 95% — investigate upstream data
2026-06-05 11:41:45.756 | INFO     | __main__:validate_batch:208 - Validation: 8,901 valid | 1,111 errors | 89.0% pass rate
2026-06-05 11:41:45.772 | WARNING  | __main__:validate_batch:214 - Pass rate 89.0% is below threshold 95% — investigate upstream data
2026-06-05 11:41:45.916 | INFO     | __main__:build_ge_suite:279 - GE suite: 7/7 expectations passed
2026-06-05 11:41:45.922 | INFO     | __main__:build_ge_suite:279 - GE suite: 7/7 expectations passed
2026-06-05 11:41:45.939 | INFO     | __main__:run_quality_gate:454 -   PASS null_rate            value=0.0000  threshold=0.05
2026-06-05 11:41:45.939 | INFO     | __main__:run_quality_gate:454 -   PASS row_count            value=8901.0000  threshold=100.0
2026-06-05 11:41:45.940 | INFO     | __main__:run_quality_gate:454 -   PASS amount_mean          value=99.7625  threshold=100.0
2026-06-05 11:41:45.940 | INFO     | __main__:run_quality_gate:454 -   PASS dup_id_rate          value=0.0000  threshold=0.01
2026-06-05 11:41:45.940 | INFO     | __main__:run_quality_gate:454 -   PASS amount_z_range       value=4.0224  threshold=5.0
2026-06-05 11:41:45.940 | INFO     | __main__:run_quality_gate:468 - Quality gate PASSED — all checks green
2026-06-05 11:41:45.941 | WARNING  | __main__:store_parquet:498 - Parquet engine unavailable; writing CSV fallback. Unable to find a usable engine; tried using: 'pyarrow', 'fastparquet'.
A suitable version of pyarrow or fastparquet is required for parquet support.
Trying to import the above resulted in these errors:
 - `Import pyarrow` failed. pyarrow is required for parquet support. Use pip or conda to install the pyarrow package.
 - `Import fastparquet` failed. fastparquet is required for parquet support. Use pip or conda to install the fastparquet package.
2026-06-05 11:41:45.947 | INFO     | __main__:run_quality_gate:454 -   PASS null_rate            value=0.0000  threshold=0.05
2026-06-05 11:41:45.948 | INFO     | __main__:run_quality_gate:454 -   PASS row_count            value=8901.0000  threshold=100.0
2026-06-05 11:41:45.948 | INFO     | __main__:run_quality_gate:454 -   PASS amount_mean          value=99.7625  threshold=100.0
2026-06-05 11:41:45.948 | INFO     | __main__:run_quality_gate:454 -   PASS dup_id_rate          value=0.0000  threshold=0.01
2026-06-05 11:41:45.948 | INFO     | __main__:run_quality_gate:454 -   PASS amount_z_range       value=4.0224  threshold=5.0
2026-06-05 11:41:45.948 | INFO     | __main__:run_quality_gate:468 - Quality gate PASSED — all checks green
2026-06-05 11:41:45.950 | WARNING  | __main__:store_parquet:498 - Parquet engine unavailable; writing CSV fallback. Unable to find a usable engine; tried using: 'pyarrow', 'fastparquet'.
A suitable version of pyarrow or fastparquet is required for parquet support.
Trying to import the above resulted in these errors:
 - `Import pyarrow` failed. pyarrow is required for parquet support. Use pip or conda to install the pyarrow package.
 - `Import fastparquet` failed. fastparquet is required for parquet support. Use pip or conda to install the fastparquet package.
2026-06-05 11:41:46.011 | INFO     | __main__:store_parquet:503 - Stored 8,901 rows -> data\processed\date=2026-06-05\data.csv (603.5 KB)
2026-06-05 11:41:46.012 | INFO     | __main__:run_pipeline:594 - ==================================================
2026-06-05 11:41:46.012 | INFO     | __main__:run_pipeline:595 - Pipeline run SUCCEEDED
2026-06-05 11:41:46.012 | INFO     | __main__:run_pipeline:596 - Stats: {'status': 'success', 'raw_rows': 10000, 'valid_rows': 8901, 'validation_errors': 1111, 'output_path': 'data\\processed\\date=2026-06-05\\data.csv'}
2026-06-05 11:41:46.012 | INFO     | __main__:run_pipeline:597 - ==================================================
2026-06-05 11:41:46.018 | INFO     | __main__:store_parquet:503 - Stored 8,901 rows -> data\processed\date=2026-06-05\data.csv (603.5 KB)
2026-06-05 11:41:46.018 | INFO     | __main__:run_pipeline:594 - ==================================================
2026-06-05 11:41:46.018 | INFO     | __main__:run_pipeline:595 - Pipeline run SUCCEEDED
2026-06-05 11:41:46.018 | INFO     | __main__:run_pipeline:596 - Stats: {'status': 'success', 'raw_rows': 10000, 'valid_rows': 8901, 'validation_errors': 1111, 'output_path': 'data\\processed\\date=2026-06-05\\data.csv'}
2026-06-05 11:41:46.018 | INFO     | __main__:run_pipeline:597 - ==================================================
2026-06-05 11:41:46.086 | INFO     | __main__:<module>:641 - Scheduler started | 1 job(s) registered
2026-06-05 11:41:46.086 | INFO     | __main__:<module>:643 -   Job 'daily_pipeline' | next run: 2026-06-06 06:00:00+05:30
2026-06-05 11:41:46.086 | INFO     | __main__:<module>:653 - Scheduler stopped cleanly
2026-06-05 11:41:46.087 | INFO     | __main__:<module>:658 - Main pipeline completed; optional notebook extension sections are skipped in script mode.
2026-06-05 11:41:46.094 | INFO     | __main__:<module>:641 - Scheduler started | 1 job(s) registered
2026-06-05 11:41:46.094 | INFO     | __main__:<module>:643 -   Job 'daily_pipeline' | next run: 2026-06-06 06:00:00+05:30
2026-06-05 11:41:46.094 | INFO     | __main__:<module>:653 - Scheduler stopped cleanly
2026-06-05 11:41:46.095 | INFO     | __main__:<module>:658 - Main pipeline completed; optional notebook extension sections are skipped in script mode.
